<?xml version="1.0" encoding="UTF-8"?>
<!-- Generated by org.testng.reporters.JUnitReportReporter -->
<testsuite skipped="0" hostname="Bhagyawants-MacBook-Pro.local" name="spicejet.HotelBooking" tests="1" failures="0" timestamp="2020-03-16T19:30:14 IST" time="3.895" errors="0">
  <testcase name="hotelBookingTc" time="3.895" classname="spicejet.HotelBooking"/>
</testsuite> <!-- spicejet.HotelBooking -->
