<?xml version="1.0" encoding="UTF-8"?>
<!-- Generated by org.testng.reporters.JUnitReportReporter -->
<testsuite skipped="0" hostname="Bhagyawants-MacBook-Pro.local" name="spicejet.flightBooking" tests="1" failures="0" timestamp="2020-03-13T09:55:36 IST" time="3.905" errors="0">
  <testcase name="flightBookingTc" time="3.905" classname="spicejet.flightBooking"/>
</testsuite> <!-- spicejet.flightBooking -->
