<?xml version="1.0" encoding="UTF-8"?>
<!-- Generated by org.testng.reporters.JUnitReportReporter -->
<testsuite skipped="0" hostname="Bhagyawants-MacBook-Pro.local" name="spicejet.spiceClubRegister" tests="1" failures="0" timestamp="2020-03-13T18:16:39 IST" time="5.206" errors="0">
  <testcase name="RegisterUSerTc" time="5.206" classname="spicejet.spiceClubRegister"/>
</testsuite> <!-- spicejet.spiceClubRegister -->
