<?xml version="1.0" encoding="UTF-8"?>
<!-- Generated by org.testng.reporters.JUnitReportReporter -->
<testsuite skipped="1" hostname="Bhagyawants-MacBook-Pro.local" name="spicejet.HotelBooking" tests="1" failures="0" timestamp="2020-04-04T11:37:15 IST" time="0.000" errors="0">
  <testcase name="hotelBookingTc" time="0.000" classname="spicejet.HotelBooking">
    <skipped/>
  </testcase> <!-- hotelBookingTc -->
</testsuite> <!-- spicejet.HotelBooking -->
