<?xml version="1.0" encoding="UTF-8"?>
<!-- Generated by org.testng.reporters.JUnitReportReporter -->
<testsuite skipped="0" hostname="Bhagyawants-MacBook-Pro.local" name="spicejet.spiceClubRegister" tests="1" failures="0" timestamp="2020-03-14T23:32:28 IST" time="25.411" errors="0">
  <testcase name="RegisterUSerTc" time="25.411" classname="spicejet.spiceClubRegister"/>
</testsuite> <!-- spicejet.spiceClubRegister -->
