<?xml version="1.0" encoding="UTF-8"?>
<!-- Generated by org.testng.reporters.JUnitReportReporter -->
<testsuite skipped="0" hostname="Bhagyawants-MacBook-Pro.local" name="spicejet.homepage" tests="1" failures="0" timestamp="2020-03-11T18:29:37 IST" time="28.825" errors="0">
  <testcase name="basepagenavigation" time="28.825" classname="spicejet.homepage"/>
</testsuite> <!-- spicejet.homepage -->
