<?xml version="1.0" encoding="UTF-8"?>
<!-- Generated by org.testng.reporters.JUnitReportReporter -->
<testsuite skipped="0" hostname="Bhagyawants-MacBook-Pro.local" name="spicejet.FlightBooking" tests="1" failures="0" timestamp="2020-03-16T13:13:33 IST" time="18.604" errors="0">
  <testcase name="flightBookingTc" time="18.604" classname="spicejet.FlightBooking"/>
</testsuite> <!-- spicejet.FlightBooking -->
