<?xml version="1.0" encoding="UTF-8"?>
<!-- Generated by org.testng.reporters.JUnitReportReporter -->
<testsuite skipped="0" hostname="Bhagyawants-MacBook-Pro.local" name="spicejet.RegisterUser" tests="1" failures="0" timestamp="2020-03-16T13:13:33 IST" time="38.640" errors="0">
  <testcase name="registerUserTc" time="38.640" classname="spicejet.RegisterUser"/>
</testsuite> <!-- spicejet.RegisterUser -->
