<?xml version="1.0" encoding="UTF-8"?>
<!-- Generated by org.testng.reporters.JUnitReportReporter -->
<testsuite skipped="0" hostname="Bhagyawants-MacBook-Pro.local" name="spicejet.RegisterUser" tests="1" failures="0" timestamp="2020-03-16T19:30:09 IST" time="18.198" errors="0">
  <testcase name="registerUserTc" time="18.198" classname="spicejet.RegisterUser"/>
</testsuite> <!-- spicejet.RegisterUser -->
