<?xml version="1.0" encoding="UTF-8"?>
<!-- Generated by org.testng.reporters.JUnitReportReporter -->
<testsuite skipped="2" hostname="Bhagyawants-MacBook-Pro.local" name="spicejet.UserLogin" tests="2" failures="0" timestamp="2020-04-04T11:37:15 IST" time="0.000" errors="0">
  <testcase name="loginUserTc" time="0.000" classname="spicejet.UserLogin">
    <skipped/>
  </testcase> <!-- loginUserTc -->
  <testcase name="loginUserTc" time="0.000" classname="spicejet.UserLogin">
    <skipped/>
  </testcase> <!-- loginUserTc -->
</testsuite> <!-- spicejet.UserLogin -->
