<?xml version="1.0" encoding="UTF-8"?>
<!-- Generated by org.testng.reporters.JUnitReportReporter -->
<testsuite skipped="0" hostname="Bhagyawants-MacBook-Pro.local" name="spicejet.BookingHotels" tests="1" failures="0" timestamp="2020-03-12T09:21:43 IST" time="3.235" errors="0">
  <testcase name="bookingHotelsTc" time="3.235" classname="spicejet.BookingHotels"/>
</testsuite> <!-- spicejet.BookingHotels -->
