<?xml version="1.0" encoding="UTF-8"?>
<!-- Generated by org.testng.reporters.JUnitReportReporter -->
<testsuite skipped="0" hostname="Bhagyawants-MacBook-Pro.local" name="RealProject.SeleniumWeb.AppTest" tests="1" failures="0" timestamp="2020-03-13T08:42:55 IST" time="0.003" errors="0">
  <testcase name="testApp" time="0.003" classname="RealProject.SeleniumWeb.AppTest"/>
</testsuite> <!-- RealProject.SeleniumWeb.AppTest -->
