<?xml version="1.0" encoding="UTF-8"?>
<!-- Generated by org.testng.reporters.JUnitReportReporter -->
<testsuite skipped="0" hostname="Bhagyawants-MacBook-Pro.local" name="spicejet.flightBooking" tests="1" failures="0" timestamp="2020-03-12T09:21:38 IST" time="9.160" errors="0">
  <testcase name="flightBookingTc" time="9.160" classname="spicejet.flightBooking"/>
</testsuite> <!-- spicejet.flightBooking -->
