<?xml version="1.0" encoding="UTF-8"?>
<!-- Generated by org.testng.reporters.JUnitReportReporter -->
<testsuite skipped="0" hostname="Bhagyawants-MacBook-Pro.local" name="spicejet.HotelBooking" tests="1" failures="0" timestamp="2020-04-04T15:18:42 IST" time="25.046" errors="0">
  <testcase name="hotelBookingTc" time="25.046" classname="spicejet.HotelBooking"/>
</testsuite> <!-- spicejet.HotelBooking -->
