<?xml version="1.0" encoding="UTF-8"?>
<!-- Generated by org.testng.reporters.JUnitReportReporter -->
<testsuite skipped="0" hostname="Bhagyawants-MacBook-Pro.local" name="spicejet.FlightBooking" tests="1" failures="0" timestamp="2020-04-04T15:18:42 IST" time="9.594" errors="0">
  <testcase name="flightBookingTc" time="9.594" classname="spicejet.FlightBooking"/>
</testsuite> <!-- spicejet.FlightBooking -->
