<?xml version="1.0" encoding="UTF-8"?>
<!-- Generated by org.testng.reporters.JUnitReportReporter -->
<testsuite skipped="0" hostname="Bhagyawants-MacBook-Pro.local" name="spicejet.BookingHotels" tests="1" failures="0" timestamp="2020-03-13T09:55:46 IST" time="2.490" errors="0">
  <testcase name="bookingHotelsTc" time="2.490" classname="spicejet.BookingHotels"/>
</testsuite> <!-- spicejet.BookingHotels -->
